<?xml version="1.0" encoding="UTF-8"?>
<testng-results skipped="0" failed="0" ignored="0" total="1" passed="1">
  <reporter-output>
  </reporter-output>
  <suite name="Default suite" duration-ms="14275" started-at="2021-12-28T12:27:45 IST" finished-at="2021-12-28T12:28:00 IST">
    <groups>
    </groups>
    <test name="Default test" duration-ms="14275" started-at="2021-12-28T12:27:45 IST" finished-at="2021-12-28T12:28:00 IST">
      <class name="com.qa.tests.LoginTest">
        <test-method status="PASS" signature="setup()[pri:0, instance:com.qa.tests.LoginTest@3e57cd70]" name="setup" is-config="true" duration-ms="2074" started-at="2021-12-28T12:27:45 IST" finished-at="2021-12-28T12:27:47 IST">
          <reporter-output>
          </reporter-output>
        </test-method> <!-- setup -->
        <test-method status="PASS" signature="testLogin()[pri:0, instance:com.qa.tests.LoginTest@3e57cd70]" name="testLogin" duration-ms="12172" started-at="2021-12-28T12:27:47 IST" finished-at="2021-12-28T12:28:00 IST">
          <reporter-output>
          </reporter-output>
        </test-method> <!-- testLogin -->
      </class> <!-- com.qa.tests.LoginTest -->
    </test> <!-- Default test -->
  </suite> <!-- Default suite -->
</testng-results>
